<?xml version="1.0" encoding="UTF-8"?>
<testng-results ignored="0" total="1" passed="1" failed="0" skipped="0">
  <reporter-output>
  </reporter-output>
  <suite started-at="2022-03-16T19:56:41 IST" name="Default suite" finished-at="2022-03-16T19:57:09 IST" duration-ms="27459">
    <groups>
    </groups>
    <test started-at="2022-03-16T19:56:41 IST" name="Default test" finished-at="2022-03-16T19:57:09 IST" duration-ms="27459">
      <class name="com.orangeHRM.LeaveMgmt.Orange_ApplyLeave">
        <test-method is-config="true" signature="BrowserSetup()[pri:0, instance:com.orangeHRM.LeaveMgmt.Orange_ApplyLeave@55634720]" started-at="2022-03-16T19:56:41 IST" name="BrowserSetup" finished-at="2022-03-16T19:56:43 IST" duration-ms="2198" status="PASS">
          <reporter-output>
          </reporter-output>
        </test-method> <!-- BrowserSetup -->
        <test-method signature="leaveManagement()[pri:0, instance:com.orangeHRM.LeaveMgmt.Orange_ApplyLeave@55634720]" started-at="2022-03-16T19:56:43 IST" name="leaveManagement" finished-at="2022-03-16T19:57:09 IST" duration-ms="25230" status="PASS">
          <reporter-output>
          </reporter-output>
        </test-method> <!-- leaveManagement -->
      </class> <!-- com.orangeHRM.LeaveMgmt.Orange_ApplyLeave -->
    </test> <!-- Default test -->
  </suite> <!-- Default suite -->
</testng-results>
